<?xml version="1.0" encoding="UTF-8"?>
<testng-results ignored="0" total="1" passed="1" failed="0" skipped="0">
  <reporter-output>
  </reporter-output>
  <suite started-at="2025-04-19T12:27:57 IST" name="Default suite" finished-at="2025-04-19T12:28:21 IST" duration-ms="24322">
    <groups>
      <group name="cucumber">
        <method signature="AbstractTestNGCucumberTests.runScenario(io.cucumber.testng.PickleWrapper,io.cucumber.testng.FeatureWrapper)[pri:0, instance:RunnerClassProject.RunnerClassFreeCRM$TestRunnerWithTestNg@4d1c005e]" name="runScenario" class="io.cucumber.testng.AbstractTestNGCucumberTests"/>
      </group> <!-- cucumber -->
    </groups>
    <test started-at="2025-04-19T12:27:57 IST" name="Default test" finished-at="2025-04-19T12:28:21 IST" duration-ms="24322">
      <class name="RunnerClassProject.RunnerClassFreeCRM$TestRunnerWithTestNg">
        <test-method is-config="true" signature="setUpClass(org.testng.ITestContext)[pri:0, instance:RunnerClassProject.RunnerClassFreeCRM$TestRunnerWithTestNg@4d1c005e]" started-at="2025-04-19T12:27:57 IST" name="setUpClass" finished-at="2025-04-19T12:27:59 IST" duration-ms="1535" status="PASS">
          <params>
            <param index="0">
              <value>
                <![CDATA[org.testng.TestRunner@7be2f29a]]>
              </value>
            </param>
          </params>
          <reporter-output>
          </reporter-output>
        </test-method> <!-- setUpClass -->
        <test-method signature="runScenario(io.cucumber.testng.PickleWrapper,io.cucumber.testng.FeatureWrapper)[pri:0, instance:RunnerClassProject.RunnerClassFreeCRM$TestRunnerWithTestNg@4d1c005e]" started-at="2025-04-19T12:27:59 IST" name="runScenario" description="Runs Cucumber Scenarios" data-provider="scenarios" finished-at="2025-04-19T12:28:21 IST" duration-ms="22462" status="PASS">
          <params>
            <param index="0">
              <value>
                <![CDATA["Create Conatct Test"]]>
              </value>
            </param>
            <param index="1">
              <value>
                <![CDATA["FreeCRM application Test"]]>
              </value>
            </param>
          </params>
          <reporter-output>
          </reporter-output>
        </test-method> <!-- runScenario -->
        <test-method is-config="true" signature="tearDownClass()[pri:0, instance:RunnerClassProject.RunnerClassFreeCRM$TestRunnerWithTestNg@4d1c005e]" started-at="2025-04-19T12:28:21 IST" name="tearDownClass" finished-at="2025-04-19T12:28:21 IST" duration-ms="213" status="PASS">
          <reporter-output>
          </reporter-output>
        </test-method> <!-- tearDownClass -->
      </class> <!-- RunnerClassProject.RunnerClassFreeCRM$TestRunnerWithTestNg -->
    </test> <!-- Default test -->
  </suite> <!-- Default suite -->
</testng-results>
