<?xml version="1.0" encoding="UTF-8"?>
<testng-results ignored="0" total="1" passed="1" failed="0" skipped="0">
  <reporter-output>
  </reporter-output>
  <suite started-at="2024-09-04T10:01:07 IST" name="Default suite" finished-at="2024-09-04T10:01:31 IST" duration-ms="24137">
    <groups>
      <group name="cucumber">
        <method signature="AbstractTestNGCucumberTests.runScenario(io.cucumber.testng.PickleWrapper,io.cucumber.testng.FeatureWrapper)[pri:0, instance:RunnerClassProject.RunnerClassFreeCRM$TestRunnerWithTestNg@5b247367]" name="runScenario" class="io.cucumber.testng.AbstractTestNGCucumberTests"/>
      </group> <!-- cucumber -->
    </groups>
    <test started-at="2024-09-04T10:01:07 IST" name="Default test" finished-at="2024-09-04T10:01:31 IST" duration-ms="24137">
      <class name="RunnerClassProject.RunnerClassFreeCRM$TestRunnerWithTestNg">
        <test-method is-config="true" signature="setUpClass(org.testng.ITestContext)[pri:0, instance:RunnerClassProject.RunnerClassFreeCRM$TestRunnerWithTestNg@5b247367]" started-at="2024-09-04T10:01:07 IST" name="setUpClass" finished-at="2024-09-04T10:01:08 IST" duration-ms="1302" status="PASS">
          <params>
            <param index="0">
              <value>
                <![CDATA[org.testng.TestRunner@346f41a9]]>
              </value>
            </param>
          </params>
          <reporter-output>
          </reporter-output>
        </test-method> <!-- setUpClass -->
        <test-method signature="runScenario(io.cucumber.testng.PickleWrapper,io.cucumber.testng.FeatureWrapper)[pri:0, instance:RunnerClassProject.RunnerClassFreeCRM$TestRunnerWithTestNg@5b247367]" started-at="2024-09-04T10:01:09 IST" name="runScenario" description="Runs Cucumber Scenarios" data-provider="scenarios" finished-at="2024-09-04T10:01:31 IST" duration-ms="22482" status="PASS">
          <params>
            <param index="0">
              <value>
                <![CDATA["Create Conatct Test"]]>
              </value>
            </param>
            <param index="1">
              <value>
                <![CDATA["FreeCRM application Test"]]>
              </value>
            </param>
          </params>
          <reporter-output>
          </reporter-output>
        </test-method> <!-- runScenario -->
        <test-method is-config="true" signature="tearDownClass()[pri:0, instance:RunnerClassProject.RunnerClassFreeCRM$TestRunnerWithTestNg@5b247367]" started-at="2024-09-04T10:01:31 IST" name="tearDownClass" finished-at="2024-09-04T10:01:31 IST" duration-ms="231" status="PASS">
          <reporter-output>
          </reporter-output>
        </test-method> <!-- tearDownClass -->
      </class> <!-- RunnerClassProject.RunnerClassFreeCRM$TestRunnerWithTestNg -->
    </test> <!-- Default test -->
  </suite> <!-- Default suite -->
</testng-results>
